<?xml version="1.0" encoding="UTF-8"?>
<!-- Generated by org.testng.reporters.JUnitReportReporter -->
<testsuite hostname="DESKTOP-6AK3J3N" failures="0" tests="1" name="testcases.BottomLinkTest" time="17.693" errors="0" timestamp="2024-02-03T20:41:14 IST" skipped="0">
  <testcase classname="testcases.BottomLinkTest" name="bottomlink" time="17.693"/>
</testsuite> <!-- testcases.BottomLinkTest -->
