<?xml version="1.0" encoding="UTF-8"?>
<!-- Generated by org.testng.reporters.JUnitReportReporter -->
<testsuite hostname="DESKTOP-6AK3J3N" failures="0" tests="4" name="testcases.Logintest" time="125.908" errors="0" timestamp="2024-02-03T20:41:14 IST" skipped="0">
  <testcase classname="testcases.Logintest" name="signin" time="28.797"/>
  <testcase classname="testcases.Logintest" name="signin" time="37.230"/>
  <testcase classname="testcases.Logintest" name="signin" time="33.653"/>
  <testcase classname="testcases.Logintest" name="signin" time="26.228"/>
</testsuite> <!-- testcases.Logintest -->
